2024-06-27 13:02:01,620 - my_python_app - INFO - Loading word vectors
2024-06-27 13:03:20,221 - my_python_app - INFO - Loading phrases
2024-06-27 13:03:20,241 - my_python_app - INFO - Embedding found for phrase: how company compares to its peers?
2024-06-27 13:03:20,241 - my_python_app - INFO - Embedding found for phrase: what is the detailed income statement breakdown of Axa?
2024-06-27 13:03:20,241 - my_python_app - INFO - Embedding found for phrase: world premium penetration in 2020
2024-06-27 13:03:20,242 - my_python_app - INFO - Embedding found for phrase: How does the forecasted insurance premium penetration in country trend compare to its peers?
2024-06-27 13:03:20,242 - my_python_app - INFO - Embedding found for phrase: what are the total losses for companies in country  non life market?
2024-06-27 13:03:20,242 - my_python_app - INFO - Embedding found for phrase: Insurance premiums market in Country
2024-06-27 13:03:20,242 - my_python_app - INFO - Embedding found for phrase: How have the profit margins been for the airlines industry through the years, by regions?
2024-06-27 13:03:20,242 - my_python_app - INFO - Embedding found for phrase: What is the complete profile of the top oil rigs?
2024-06-27 13:03:20,242 - my_python_app - INFO - Embedding found for phrase: what is company general information?
2024-06-27 13:03:20,242 - my_python_app - INFO - Embedding found for phrase: How is the airline industry performing globally?
2024-06-27 13:03:20,242 - my_python_app - INFO - Embedding found for phrase: how does economic profit for in country compare to others?
2024-06-27 13:03:20,242 - my_python_app - INFO - Embedding found for phrase: most profitable insurance company India
2024-06-27 13:03:20,242 - my_python_app - INFO - Embedding found for phrase: Give me a detailed breakup of the income and expenses in South-East Asia
2024-06-27 13:03:20,242 - my_python_app - INFO - Embedding found for phrase: Show me all the oil rigs in the world
2024-06-27 13:03:20,242 - my_python_app - INFO - Embedding found for phrase: What were the premiums earned by the Indian insurance industry in 2020?
2024-06-27 13:03:20,242 - my_python_app - INFO - Embedding found for phrase: How much have premiums grown as compared to claims for India?
2024-06-27 13:03:20,242 - my_python_app - INFO - Embedding found for phrase: Which are the best performing insurance firms in India?
2024-06-27 13:03:20,242 - my_python_app - INFO - Embedding found for phrase: What is the ROE of the Indian market?
2024-06-27 13:03:20,242 - my_python_app - INFO - Embedding found for phrase: What profits were clocked by Cholamandalam in 2020?
2024-06-27 13:03:20,242 - my_python_app - INFO - Embedding found for phrase: What is the premiums market share of the top 5 companies in India?
2024-06-27 13:03:20,242 - my_python_app - INFO - Embedding found for phrase: How will the Brazilian insurance market perform in case of a sluggish economic scenario?
2024-06-27 13:03:20,242 - my_python_app - INFO - Embedding found for phrase: Which are the main distribution channels in India?
2024-06-27 13:03:20,242 - my_python_app - INFO - Embedding found for phrase: What are the risks in the motor insurance segment in India?
2024-06-27 13:03:20,242 - my_python_app - INFO - Embedding found for phrase: What is the demand potential of India for insurance?
2024-06-27 13:03:20,242 - my_python_app - INFO - Embedding found for phrase: How do premiums break down by lines of business in India?
2024-06-27 13:03:20,243 - my_python_app - INFO - Embedding found for phrase: What is the share price of Qantas?
2024-06-27 13:03:20,243 - my_python_app - INFO - Embedding found for phrase: How many passengers are carried in ?
2024-06-27 13:03:20,243 - my_python_app - INFO - Embedding found for phrase: Which are the aircrafts manufactured by Boeing?
2024-06-27 13:03:20,243 - my_python_app - INFO - Embedding found for phrase: Kdo je nejv?tí konkurent ?eské Poji?ovny?
2024-06-27 13:03:20,243 - my_python_app - INFO - Embedding found for phrase: Which are the top airports?
2024-06-27 13:03:20,243 - my_python_app - INFO - Embedding found for phrase: How many fatal air accidents till date?
2024-06-27 13:03:20,243 - my_python_app - INFO - Embedding found for phrase: What is the flow of air traffic in North America?
2024-06-27 13:03:20,243 - my_python_app - INFO - Embedding found for phrase: What is the fleet of Airbus?
2024-06-27 13:03:20,243 - my_python_app - INFO - Embedding found for phrase: Airlines profitability Brazil?
2024-06-27 13:03:20,243 - my_python_app - INFO - Embedding found for phrase: Mergers among airline companies?
2024-06-27 13:03:20,243 - my_python_app - INFO - Embedding found for phrase: Which are the most profitable airports?
2024-06-27 13:03:20,243 - my_python_app - INFO - Embedding found for phrase: What has the capacity movement of airline companies been over the years?
2024-06-27 13:03:20,243 - my_python_app - INFO - Embedding found for phrase: Details of the Aban Abraham oil rig?
2024-06-27 13:03:20,243 - my_python_app - INFO - Embedding found for phrase: How big is the airlines industry in China?
2024-06-27 13:03:20,243 - my_python_app - INFO - Embedding found for phrase: How much money did Lloyd's of London make last year?
2024-06-27 13:03:20,243 - my_python_app - INFO - Embedding found for phrase: What was the Calendar year COR versus the Accident year COR for Lloyd's?
2024-06-27 13:03:20,243 - my_python_app - INFO - Embedding found for phrase: Which Lloyd's syndicates owns the maximum number of assets?
2024-06-27 13:03:20,243 - my_python_app - INFO - Embedding found for phrase: List key performance indicators for AXA?
2024-06-27 13:03:20,243 - my_python_app - INFO - Embedding found for phrase: What are the most prominent legal cases?
2024-06-27 13:03:20,243 - my_python_app - INFO - Embedding found for phrase: How does oil industry perform in Brazil?
2024-06-27 13:03:20,243 - my_python_app - INFO - Embedding found for phrase: What is the main driver of growth in automobile industry in Europe?
2024-06-27 13:03:20,243 - my_python_app - INFO - Embedding found for phrase: Which country in Europe is going to grow the most in 2020?
2024-06-27 13:03:20,243 - my_python_app - INFO - Embedding found for phrase: What are the biggest acquisitions in 2020?
2024-06-27 13:03:20,243 - my_python_app - INFO - Embedding found for phrase: How impacted is the airline industry in 2020?
2024-06-27 13:03:20,243 - my_python_app - INFO - Embedding found for phrase: What are the most prominent bankruptcies in 2020?
2024-06-27 13:03:20,251 - my_python_app - INFO - Saved phrase distances to phrase_distances.csv
2024-06-27 13:03:20,251 - my_python_app - INFO - Embedding found for phrase: banana split
2024-06-27 13:03:20,260 - my_python_app - INFO - Closest phrase to 'banana split' is 'Which are the top airports?' with distance 0.7030786275863647
2024-06-27 17:39:40,029 - galytix_test_task - INFO - Loading word vectors
2024-06-27 17:40:57,462 - galytix_test_task - INFO - Loading phrases
2024-06-27 17:40:57,468 - galytix_test_task - INFO - Embedding found for phrase: how company compares to its peers?
2024-06-27 17:40:57,468 - galytix_test_task - INFO - Embedding found for phrase: what is the detailed income statement breakdown of Axa?
2024-06-27 17:40:57,468 - galytix_test_task - INFO - Embedding found for phrase: world premium penetration in 2020
2024-06-27 17:40:57,468 - galytix_test_task - INFO - Embedding found for phrase: How does the forecasted insurance premium penetration in country trend compare to its peers?
2024-06-27 17:40:57,468 - galytix_test_task - INFO - Embedding found for phrase: what are the total losses for companies in country  non life market?
2024-06-27 17:40:57,468 - galytix_test_task - INFO - Embedding found for phrase: Insurance premiums market in Country
2024-06-27 17:40:57,468 - galytix_test_task - INFO - Embedding found for phrase: How have the profit margins been for the airlines industry through the years, by regions?
2024-06-27 17:40:57,468 - galytix_test_task - INFO - Embedding found for phrase: What is the complete profile of the top oil rigs?
2024-06-27 17:40:57,468 - galytix_test_task - INFO - Embedding found for phrase: what is company general information?
2024-06-27 17:40:57,468 - galytix_test_task - INFO - Embedding found for phrase: How is the airline industry performing globally?
2024-06-27 17:40:57,469 - galytix_test_task - INFO - Embedding found for phrase: how does economic profit for in country compare to others?
2024-06-27 17:40:57,469 - galytix_test_task - INFO - Embedding found for phrase: most profitable insurance company India
2024-06-27 17:40:57,469 - galytix_test_task - INFO - Embedding found for phrase: Give me a detailed breakup of the income and expenses in South-East Asia
2024-06-27 17:40:57,469 - galytix_test_task - INFO - Embedding found for phrase: Show me all the oil rigs in the world
2024-06-27 17:40:57,469 - galytix_test_task - INFO - Embedding found for phrase: What were the premiums earned by the Indian insurance industry in 2020?
2024-06-27 17:40:57,469 - galytix_test_task - INFO - Embedding found for phrase: How much have premiums grown as compared to claims for India?
2024-06-27 17:40:57,469 - galytix_test_task - INFO - Embedding found for phrase: Which are the best performing insurance firms in India?
2024-06-27 17:40:57,469 - galytix_test_task - INFO - Embedding found for phrase: What is the ROE of the Indian market?
2024-06-27 17:40:57,469 - galytix_test_task - INFO - Embedding found for phrase: What profits were clocked by Cholamandalam in 2020?
2024-06-27 17:40:57,469 - galytix_test_task - INFO - Embedding found for phrase: What is the premiums market share of the top 5 companies in India?
2024-06-27 17:40:57,469 - galytix_test_task - INFO - Embedding found for phrase: How will the Brazilian insurance market perform in case of a sluggish economic scenario?
2024-06-27 17:40:57,469 - galytix_test_task - INFO - Embedding found for phrase: Which are the main distribution channels in India?
2024-06-27 17:40:57,469 - galytix_test_task - INFO - Embedding found for phrase: What are the risks in the motor insurance segment in India?
2024-06-27 17:40:57,469 - galytix_test_task - INFO - Embedding found for phrase: What is the demand potential of India for insurance?
2024-06-27 17:40:57,469 - galytix_test_task - INFO - Embedding found for phrase: How do premiums break down by lines of business in India?
2024-06-27 17:40:57,469 - galytix_test_task - INFO - Embedding found for phrase: What is the share price of Qantas?
2024-06-27 17:40:57,469 - galytix_test_task - INFO - Embedding found for phrase: How many passengers are carried in ?
2024-06-27 17:40:57,469 - galytix_test_task - INFO - Embedding found for phrase: Which are the aircrafts manufactured by Boeing?
2024-06-27 17:40:57,469 - galytix_test_task - INFO - Embedding found for phrase: Kdo je nejv?tï¿½ï¿½ konkurent ?eskï¿½ Pojiï¿½?ovny?
2024-06-27 17:40:57,469 - galytix_test_task - INFO - Embedding found for phrase: Which are the top airports?
2024-06-27 17:40:57,469 - galytix_test_task - INFO - Embedding found for phrase: How many fatal air accidents till date?
2024-06-27 17:40:57,469 - galytix_test_task - INFO - Embedding found for phrase: What is the flow of air traffic in North America?
2024-06-27 17:40:57,470 - galytix_test_task - INFO - Embedding found for phrase: What is the fleet of Airbus?
2024-06-27 17:40:57,470 - galytix_test_task - INFO - Embedding found for phrase: Airlines profitability Brazil?
2024-06-27 17:40:57,470 - galytix_test_task - INFO - Embedding found for phrase: Mergers among airline companies?
2024-06-27 17:40:57,470 - galytix_test_task - INFO - Embedding found for phrase: Which are the most profitable airports?
2024-06-27 17:40:57,470 - galytix_test_task - INFO - Embedding found for phrase: What has the capacity movement of airline companies been over the years?
2024-06-27 17:40:57,470 - galytix_test_task - INFO - Embedding found for phrase: Details of the Aban Abraham oil rig?
2024-06-27 17:40:57,470 - galytix_test_task - INFO - Embedding found for phrase: How big is the airlines industry in China?
2024-06-27 17:40:57,470 - galytix_test_task - INFO - Embedding found for phrase: How much money did Lloyd's of London make last year?
2024-06-27 17:40:57,470 - galytix_test_task - INFO - Embedding found for phrase: What was the Calendar year COR versus the Accident year COR for Lloyd's?
2024-06-27 17:40:57,470 - galytix_test_task - INFO - Embedding found for phrase: Which Lloyd's syndicates owns the maximum number of assets?
2024-06-27 17:40:57,470 - galytix_test_task - INFO - Embedding found for phrase: List key performance indicators for AXA?
2024-06-27 17:40:57,470 - galytix_test_task - INFO - Embedding found for phrase: What are the most prominent legal cases?
2024-06-27 17:40:57,470 - galytix_test_task - INFO - Embedding found for phrase: How does oil industry perform in Brazil?
2024-06-27 17:40:57,470 - galytix_test_task - INFO - Embedding found for phrase: What is the main driver of growth in automobile industry in Europe?
2024-06-27 17:40:57,470 - galytix_test_task - INFO - Embedding found for phrase: Which country in Europe is going to grow the most in 2020?
2024-06-27 17:40:57,470 - galytix_test_task - INFO - Embedding found for phrase: What are the biggest acquisitions in 2020?
2024-06-27 17:40:57,470 - galytix_test_task - INFO - Embedding found for phrase: How impacted is the airline industry in 2020?
2024-06-27 17:40:57,470 - galytix_test_task - INFO - Embedding found for phrase: What are the most prominent bankruptcies in 2020?
2024-06-27 17:40:57,486 - galytix_test_task - INFO - Saved phrase distances to phrase_distances.csv
2024-06-27 17:40:57,486 - galytix_test_task - INFO - Embedding found for phrase: banana split
2024-06-27 17:40:57,494 - galytix_test_task - INFO - Closest phrase to 'banana split' is 'Which are the top airports?' with distance 0.7030787467956543
2024-06-27 17:43:04,053 - galytix_test_task - INFO - Loading word vectors
2024-06-27 17:44:21,420 - galytix_test_task - INFO - Loading phrases
2024-06-27 17:44:21,424 - galytix_test_task - INFO - Embedding found for phrase: how company compares to its peers?
2024-06-27 17:44:21,424 - galytix_test_task - INFO - Embedding found for phrase: what is the detailed income statement breakdown of Axa?
2024-06-27 17:44:21,425 - galytix_test_task - INFO - Embedding found for phrase: world premium penetration in 2020
2024-06-27 17:44:21,425 - galytix_test_task - INFO - Embedding found for phrase: How does the forecasted insurance premium penetration in country trend compare to its peers?
2024-06-27 17:44:21,425 - galytix_test_task - INFO - Embedding found for phrase: what are the total losses for companies in country  non life market?
2024-06-27 17:44:21,425 - galytix_test_task - INFO - Embedding found for phrase: Insurance premiums market in Country
2024-06-27 17:44:21,425 - galytix_test_task - INFO - Embedding found for phrase: How have the profit margins been for the airlines industry through the years, by regions?
2024-06-27 17:44:21,425 - galytix_test_task - INFO - Embedding found for phrase: What is the complete profile of the top oil rigs?
2024-06-27 17:44:21,425 - galytix_test_task - INFO - Embedding found for phrase: what is company general information?
2024-06-27 17:44:21,425 - galytix_test_task - INFO - Embedding found for phrase: How is the airline industry performing globally?
2024-06-27 17:44:21,425 - galytix_test_task - INFO - Embedding found for phrase: how does economic profit for in country compare to others?
2024-06-27 17:44:21,425 - galytix_test_task - INFO - Embedding found for phrase: most profitable insurance company India
2024-06-27 17:44:21,425 - galytix_test_task - INFO - Embedding found for phrase: Give me a detailed breakup of the income and expenses in South-East Asia
2024-06-27 17:44:21,425 - galytix_test_task - INFO - Embedding found for phrase: Show me all the oil rigs in the world
2024-06-27 17:44:21,425 - galytix_test_task - INFO - Embedding found for phrase: What were the premiums earned by the Indian insurance industry in 2020?
2024-06-27 17:44:21,425 - galytix_test_task - INFO - Embedding found for phrase: How much have premiums grown as compared to claims for India?
2024-06-27 17:44:21,425 - galytix_test_task - INFO - Embedding found for phrase: Which are the best performing insurance firms in India?
2024-06-27 17:44:21,425 - galytix_test_task - INFO - Embedding found for phrase: What is the ROE of the Indian market?
2024-06-27 17:44:21,425 - galytix_test_task - INFO - Embedding found for phrase: What profits were clocked by Cholamandalam in 2020?
2024-06-27 17:44:21,425 - galytix_test_task - INFO - Embedding found for phrase: What is the premiums market share of the top 5 companies in India?
2024-06-27 17:44:21,425 - galytix_test_task - INFO - Embedding found for phrase: How will the Brazilian insurance market perform in case of a sluggish economic scenario?
2024-06-27 17:44:21,425 - galytix_test_task - INFO - Embedding found for phrase: Which are the main distribution channels in India?
2024-06-27 17:44:21,425 - galytix_test_task - INFO - Embedding found for phrase: What are the risks in the motor insurance segment in India?
2024-06-27 17:44:21,426 - galytix_test_task - INFO - Embedding found for phrase: What is the demand potential of India for insurance?
2024-06-27 17:44:21,426 - galytix_test_task - INFO - Embedding found for phrase: How do premiums break down by lines of business in India?
2024-06-27 17:44:21,426 - galytix_test_task - INFO - Embedding found for phrase: What is the share price of Qantas?
2024-06-27 17:44:21,426 - galytix_test_task - INFO - Embedding found for phrase: How many passengers are carried in ?
2024-06-27 17:44:21,426 - galytix_test_task - INFO - Embedding found for phrase: Which are the aircrafts manufactured by Boeing?
2024-06-27 17:44:21,426 - galytix_test_task - INFO - Embedding found for phrase: Kdo je nejv?tï¿½ï¿½ konkurent ?eskï¿½ Pojiï¿½?ovny?
2024-06-27 17:44:21,426 - galytix_test_task - INFO - Embedding found for phrase: Which are the top airports?
2024-06-27 17:44:21,426 - galytix_test_task - INFO - Embedding found for phrase: How many fatal air accidents till date?
2024-06-27 17:44:21,426 - galytix_test_task - INFO - Embedding found for phrase: What is the flow of air traffic in North America?
2024-06-27 17:44:21,426 - galytix_test_task - INFO - Embedding found for phrase: What is the fleet of Airbus?
2024-06-27 17:44:21,426 - galytix_test_task - INFO - Embedding found for phrase: Airlines profitability Brazil?
2024-06-27 17:44:21,426 - galytix_test_task - INFO - Embedding found for phrase: Mergers among airline companies?
2024-06-27 17:44:21,426 - galytix_test_task - INFO - Embedding found for phrase: Which are the most profitable airports?
2024-06-27 17:44:21,426 - galytix_test_task - INFO - Embedding found for phrase: What has the capacity movement of airline companies been over the years?
2024-06-27 17:44:21,426 - galytix_test_task - INFO - Embedding found for phrase: Details of the Aban Abraham oil rig?
2024-06-27 17:44:21,426 - galytix_test_task - INFO - Embedding found for phrase: How big is the airlines industry in China?
2024-06-27 17:44:21,426 - galytix_test_task - INFO - Embedding found for phrase: How much money did Lloyd's of London make last year?
2024-06-27 17:44:21,426 - galytix_test_task - INFO - Embedding found for phrase: What was the Calendar year COR versus the Accident year COR for Lloyd's?
2024-06-27 17:44:21,426 - galytix_test_task - INFO - Embedding found for phrase: Which Lloyd's syndicates owns the maximum number of assets?
2024-06-27 17:44:21,426 - galytix_test_task - INFO - Embedding found for phrase: List key performance indicators for AXA?
2024-06-27 17:44:21,426 - galytix_test_task - INFO - Embedding found for phrase: What are the most prominent legal cases?
2024-06-27 17:44:21,426 - galytix_test_task - INFO - Embedding found for phrase: How does oil industry perform in Brazil?
2024-06-27 17:44:21,426 - galytix_test_task - INFO - Embedding found for phrase: What is the main driver of growth in automobile industry in Europe?
2024-06-27 17:44:21,426 - galytix_test_task - INFO - Embedding found for phrase: Which country in Europe is going to grow the most in 2020?
2024-06-27 17:44:21,426 - galytix_test_task - INFO - Embedding found for phrase: What are the biggest acquisitions in 2020?
2024-06-27 17:44:21,426 - galytix_test_task - INFO - Embedding found for phrase: How impacted is the airline industry in 2020?
2024-06-27 17:44:21,427 - galytix_test_task - INFO - Embedding found for phrase: What are the most prominent bankruptcies in 2020?
2024-06-27 17:44:21,434 - galytix_test_task - INFO - Saved phrase distances to phrase_distances.csv
2024-06-27 17:45:51,228 - galytix_test_task - INFO - Embedding found for phrase: banana
2024-06-27 17:45:51,246 - galytix_test_task - INFO - Closest phrase to 'banana' is 'Show me all the oil rigs in the world' with distance 0.7847903370857239
